<?xml version="1.0" encoding="UTF-8"?><testsuite errors="1" failures="0" name="Academia Choucair" skipped="0" tests="1" time="18.29" timestamp="2021-02-05 12:02:51"><testcase name="Buscar el curso de automatizacion"><error type="java.lang.NullPointerException"/><system-err>null&#13;
co.com.choucair.certification.proyectobase.tasks.Search.the(Search.java:18)&#13;
co.com.choucair.certification.proyectobase.stepdefinitions.ChoucairAcademyStepDefinitions.OscarbuscaelcursoRecursosAutomatizacionBancolombiaenlaplataformadelaacademiaChoucair(ChoucairAcademyStepDefinitions.java:30)&#13;
✽.Oscar busca el curso Recursos Automatizacion Bancolombia en la plataforma de la academia Choucair(src/test/resources/features/academyChoucair.feature:11)&#13;
</system-err></testcase></testsuite>