<?xml version="1.0" encoding="UTF-8"?><testsuite errors="1" failures="0" name="Academia Choucair" skipped="0" tests="1" time="15.45" timestamp="2021-02-05 11:25:57"><testcase name="Buscar el curso de automatizacion"><error type="java.lang.NullPointerException"/><system-err>null&#13;
co.com.choucair.certification.proyectobase.tasks.Search.the(Search.java:18)&#13;
co.com.choucair.certification.proyectobase.stepdefinitions.UTestSpectDefinitions.OscarbuscaelcursoRecursosAutomatizacionBancolombiaenlaplataformadelaacademiaChoucair(ChoucairAcademyStepDefinitions.java:35)&#13;
✽.Oscar busca el curso Recursos en la plataforma de la academia Choucair(src/test/resources/features/academyChoucair.feature:14)&#13;
</system-err></testcase></testsuite>